\BOOKMARK [1][-]{section.1}{Introdu\347\343o}{}% 1
\BOOKMARK [1][-]{section.2}{Objetivos}{}% 2
\BOOKMARK [1][-]{section.3}{Plano de execu\347\343o do Survey}{}% 3
\BOOKMARK [2][-]{subsection.3.1}{Detalhamento das etapas}{section.3}% 4
\BOOKMARK [1][-]{section.4}{A Internet}{}% 5
\BOOKMARK [2][-]{subsection.4.1}{Redes de dispositivos conectados}{section.4}% 6
\BOOKMARK [1][-]{section.5}{Big data}{}% 7
\BOOKMARK [1][-]{section.6}{Hadoop \205 MapReduce}{}% 8
\BOOKMARK [2][-]{subsection.6.1}{Hadoop - Map Reduce - Big Data}{section.6}% 9
\BOOKMARK [2][-]{subsection.6.2}{Map Reduce - Big Data}{section.6}% 10
\BOOKMARK [1][-]{section.7}{Data Mining}{}% 11
\BOOKMARK [2][-]{subsection.7.1}{Data Mining - Big Data}{section.7}% 12
\BOOKMARK [1][-]{section.8}{Meta-heur\355sticas}{}% 13
\BOOKMARK [1][-]{section.9}{Enxame de part\355culas}{}% 14
\BOOKMARK [2][-]{subsection.9.1}{Data Mining - Swarm Intelligence}{section.9}% 15
\BOOKMARK [2][-]{subsection.9.2}{Data Mining - Swarm Robotics}{section.9}% 16
\BOOKMARK [2][-]{subsection.9.3}{Machine Learning}{section.9}% 17
\BOOKMARK [1][-]{section.10}{Resultados esperados}{}% 18
\BOOKMARK [1][-]{section.11}{Conclus\343o}{}% 19
\BOOKMARK [1][-]{section*.16}{Refer\352ncias}{}% 20
